<?xml version="1.0" encoding="UTF-8"?>
<!-- Generated by org.testng.reporters.JUnitReportReporter -->
<testsuite hostname="DESKTOP-8TB63JM" failures="0" tests="1" name="com.java.Hard_Questions.Search_Product_Test" time="5.654" errors="0" timestamp="2024-08-09T21:02:17 EDT" skipped="0">
  <testcase classname="com.java.Hard_Questions.Search_Product_Test" name="verifySearchResultsAreDisplayed" time="5.654"/>
</testsuite> <!-- com.java.Hard_Questions.Search_Product_Test -->
