<?xml version="1.0" encoding="UTF-8"?>
<!-- Generated by org.testng.reporters.JUnitReportReporter -->
<testsuite hostname="DESKTOP-8TB63JM" failures="0" tests="1" name="com.java.Hard_Questions_Test.Search_Product_Test" time="6.434" errors="0" timestamp="2024-08-04T00:28:30 EDT" skipped="0">
  <testcase classname="com.java.Hard_Questions_Test.Search_Product_Test" name="verifySearchResultsAreDisplayed" time="6.434"/>
</testsuite> <!-- com.java.Hard_Questions_Test.Search_Product_Test -->
