<?xml version="1.0" encoding="UTF-8"?>
<!-- Generated by org.testng.reporters.JUnitReportReporter -->
<testsuite hostname="DESKTOP-8TB63JM" failures="0" tests="1" name="com.java.Easy_Questions.Navigate_And_Verify_The_Title_Page" time="4.597" errors="0" timestamp="2024-07-30T14:34:47 EDT" skipped="0">
  <testcase classname="com.java.Easy_Questions.Navigate_And_Verify_The_Title_Page" name="Title" time="4.597"/>
</testsuite> <!-- com.java.Easy_Questions.Navigate_And_Verify_The_Title_Page -->
