<?xml version="1.0" encoding="UTF-8"?>
<!-- Generated by org.testng.reporters.JUnitReportReporter -->
<testsuite hostname="DESKTOP-8TB63JM" failures="0" tests="1" name="com.Medium_Questions.Home_Page_Test" time="20.004" errors="0" timestamp="2024-08-04T16:56:25 EDT" skipped="0">
  <testcase classname="com.Medium_Questions.Home_Page_Test" name="verifyPresenceOfCertainElements" time="20.004"/>
</testsuite> <!-- com.Medium_Questions.Home_Page_Test -->
