<?xml version="1.0" encoding="UTF-8"?>
<!-- Generated by org.testng.reporters.JUnitReportReporter -->
<testsuite hostname="DESKTOP-8TB63JM" failures="0" tests="1" name="com.java.Medium_Questions.Page_Object_Login" time="6.936" errors="0" timestamp="2024-08-03T23:09:44 EDT" skipped="0">
  <testcase classname="com.java.Medium_Questions.Page_Object_Login" name="validLoginWithFirstUsername" time="6.936"/>
</testsuite> <!-- com.java.Medium_Questions.Page_Object_Login -->
