<?xml version="1.0" encoding="UTF-8"?>
<!-- Generated by org.testng.reporters.JUnitReportReporter -->
<testsuite hostname="DESKTOP-8TB63JM" failures="0" tests="1" name="com.Medium_Questions.Search_Product_Test" time="4.985" errors="0" timestamp="2024-08-04T16:13:32 EDT" skipped="0">
  <testcase classname="com.Medium_Questions.Search_Product_Test" name="verifySearchWithValidProduct" time="4.985"/>
</testsuite> <!-- com.Medium_Questions.Search_Product_Test -->
