<?xml version="1.0" encoding="UTF-8"?>
<!-- Generated by org.testng.reporters.JUnitReportReporter -->
<testsuite hostname="DESKTOP-8TB63JM" failures="0" tests="1" name="com.java.Hard_Questions.Add_Product_To_The_CartTest" time="9.409" errors="0" timestamp="2024-08-10T00:10:52 EDT" skipped="0">
  <testcase classname="com.java.Hard_Questions.Add_Product_To_The_CartTest" name="verifyProductIsAddedToCart" time="9.409"/>
</testsuite> <!-- com.java.Hard_Questions.Add_Product_To_The_CartTest -->
