<?xml version="1.0" encoding="UTF-8"?>
<!-- Generated by org.testng.reporters.JUnitReportReporter -->
<testsuite hostname="DESKTOP-8TB63JM" failures="0" tests="1" name="com.java.Easy_Questions.Login_With_Valid_Credentials" time="6.928" errors="0" timestamp="2024-07-30T14:44:26 EDT" skipped="0">
  <testcase classname="com.java.Easy_Questions.Login_With_Valid_Credentials" name="loginWithValidCredentials" time="6.928"/>
</testsuite> <!-- com.java.Easy_Questions.Login_With_Valid_Credentials -->
