<?xml version="1.0" encoding="UTF-8"?>
<!-- Generated by org.testng.reporters.JUnitReportReporter -->
<testsuite hostname="DESKTOP-8TB63JM" failures="0" tests="1" name="com.java.Easy_Questions.Clicking__onLink_AndVerify_CertainElemens" time="5.283" errors="0" timestamp="2024-07-30T15:32:37 EDT" skipped="0">
  <testcase classname="com.java.Easy_Questions.Clicking__onLink_AndVerify_CertainElemens" name="clickingOnLinkAndVerifyCertainElement" time="5.283"/>
</testsuite> <!-- com.java.Easy_Questions.Clicking__onLink_AndVerify_CertainElemens -->
